<?xml version="1.0" encoding="UTF-8"?>
<robot generator="Robot 7.0 (Python 3.12.1 on win32)" generated="2024-02-14T15:52:47.171636" rpa="false" schemaversion="5">
<suite id="s1" name="appFlightTesSignOut" source="D:\A\Belajar Semuanya\Quality Assurance\Mobile Robot Testing\step\appFlightTesSignOut.robot">
<test id="s1-t1" name="User SignOut In App Flight" line="6">
<kw name="Open Test Application" owner="appFlightSignIn">
<kw name="Open Application" owner="AppiumLibrary">
<arg>http://localhost:4723/wd/hub</arg>
<arg>platformName=Android</arg>
<arg>deviceName=vivo 2019</arg>
<arg>appPackage=com.example.myapplication</arg>
<arg>appActivity=com.example.myapplication.MainActivity</arg>
<doc>Opens a new application to given Appium server.
Capabilities of appium server, Android and iOS,
Please check https://github.com/appium/appium/blob/master/docs/en/writing-running-appium/server-args.md
| *Option*            | *Man.* | *Description*     |
| remote_url          | Yes    | Appium server url |
| alias               | no     | alias             |
| strict_ssl          | No     | allows you to send commands to an invalid certificate host like a self-signed one. |</doc>
<status status="PASS" start="2024-02-14T15:52:47.954691" elapsed="17.678811"/>
</kw>
<status status="PASS" start="2024-02-14T15:52:47.952685" elapsed="17.680817"/>
</kw>
<kw name="Tap Akses" owner="appFlightSignIn">
<kw name="Tap" owner="AppiumLibrary">
<msg time="2024-02-14T15:53:05.635503" level="WARN">Keyword 'AppiumLibrary.Tap' is deprecated. Since selenium v4, use `Tap With Positions` keyword.</msg>
<msg time="2024-02-14T15:53:07.171390" level="INFO">xpath criteria: //android.widget.Button[@resource-id="com.example.myapplication:id/login"]</msg>
<arg>${SignIn}</arg>
<doc>*DEPRECATED!!* Since selenium v4, use `Tap With Positions` keyword.</doc>
<status status="PASS" start="2024-02-14T15:53:05.635503" elapsed="1.535887"/>
</kw>
<kw name="Wait Until Page Contains" owner="AppiumLibrary">
<arg>username</arg>
<doc>Waits until `text` appears on current page.</doc>
<status status="PASS" start="2024-02-14T15:53:07.171390" elapsed="1.052065"/>
</kw>
<status status="PASS" start="2024-02-14T15:53:05.635503" elapsed="2.587952"/>
</kw>
<kw name="User Input Login Valid Data" owner="appFlightSignIn">
<kw name="Input Text" owner="AppiumLibrary">
<msg time="2024-02-14T15:53:08.231454" level="INFO">Typing text 'support@ngendigital.com' into text field '//android.widget.EditText[@resource-id="com.example.myapplication:id/username"]'</msg>
<msg time="2024-02-14T15:53:08.530497" level="INFO">xpath criteria: //android.widget.EditText[@resource-id="com.example.myapplication:id/username"]</msg>
<arg>${username}</arg>
<arg>support@ngendigital.com</arg>
<doc>Types the given `text` into text field identified by `locator`.</doc>
<status status="PASS" start="2024-02-14T15:53:08.226474" elapsed="0.305023"/>
</kw>
<kw name="Input Text" owner="AppiumLibrary">
<msg time="2024-02-14T15:53:08.534497" level="INFO">Typing text 'abc123' into text field '//android.widget.EditText[@resource-id="com.example.myapplication:id/password"]'</msg>
<msg time="2024-02-14T15:53:09.279545" level="INFO">xpath criteria: //android.widget.EditText[@resource-id="com.example.myapplication:id/password"]</msg>
<arg>${password}</arg>
<arg>abc123</arg>
<doc>Types the given `text` into text field identified by `locator`.</doc>
<status status="PASS" start="2024-02-14T15:53:08.531497" elapsed="0.748048"/>
</kw>
<status status="PASS" start="2024-02-14T15:53:08.225454" elapsed="1.054091"/>
</kw>
<kw name="Tap Login Akses" owner="appFlightSignIn">
<kw name="Tap" owner="AppiumLibrary">
<msg time="2024-02-14T15:53:09.281546" level="WARN">Keyword 'AppiumLibrary.Tap' is deprecated. Since selenium v4, use `Tap With Positions` keyword.</msg>
<msg time="2024-02-14T15:53:10.081593" level="INFO">xpath criteria: //android.widget.Button[@resource-id="com.example.myapplication:id/signIn"]</msg>
<arg>${buttonSignIn}</arg>
<doc>*DEPRECATED!!* Since selenium v4, use `Tap With Positions` keyword.</doc>
<status status="PASS" start="2024-02-14T15:53:09.281546" elapsed="0.800047"/>
</kw>
<status status="PASS" start="2024-02-14T15:53:09.280546" elapsed="0.801047"/>
</kw>
<kw name="Wait Until Page Contains" owner="AppiumLibrary">
<arg>Sign Out</arg>
<doc>Waits until `text` appears on current page.</doc>
<status status="PASS" start="2024-02-14T15:53:10.082601" elapsed="1.068431"/>
</kw>
<kw name="Tap SignOut Button" owner="appFlightSignIn">
<kw name="Tap" owner="AppiumLibrary">
<msg time="2024-02-14T15:53:11.153033" level="WARN">Keyword 'AppiumLibrary.Tap' is deprecated. Since selenium v4, use `Tap With Positions` keyword.</msg>
<msg time="2024-02-14T15:53:11.680118" level="INFO">xpath criteria: //android.widget.Button[@resource-id="com.example.myapplication:id/login"]</msg>
<arg>${buttonSignOut}</arg>
<doc>*DEPRECATED!!* Since selenium v4, use `Tap With Positions` keyword.</doc>
<status status="PASS" start="2024-02-14T15:53:11.153033" elapsed="0.527085"/>
</kw>
<status status="PASS" start="2024-02-14T15:53:11.152030" elapsed="0.528088"/>
</kw>
<status status="PASS" start="2024-02-14T15:52:47.949671" elapsed="23.731448"/>
</test>
<status status="PASS" start="2024-02-14T15:52:47.176625" elapsed="24.507494"/>
</suite>
<statistics>
<total>
<stat pass="1" fail="0" skip="0">All Tests</stat>
</total>
<tag>
</tag>
<suite>
<stat pass="1" fail="0" skip="0" id="s1" name="appFlightTesSignOut">appFlightTesSignOut</stat>
</suite>
</statistics>
<errors>
<msg time="2024-02-14T15:53:05.635503" level="WARN">Keyword 'AppiumLibrary.Tap' is deprecated. Since selenium v4, use `Tap With Positions` keyword.</msg>
<msg time="2024-02-14T15:53:09.281546" level="WARN">Keyword 'AppiumLibrary.Tap' is deprecated. Since selenium v4, use `Tap With Positions` keyword.</msg>
<msg time="2024-02-14T15:53:11.153033" level="WARN">Keyword 'AppiumLibrary.Tap' is deprecated. Since selenium v4, use `Tap With Positions` keyword.</msg>
</errors>
</robot>
